{"C:\\Users\\USUARIO\\Desktop\\Learn nodejs\\07-RestWeb\\src\\data\\postgres\\index.ts": {"path":"C:\\Users\\USUARIO\\Desktop\\Learn nodejs\\07-RestWeb\\src\\data\\postgres\\index.ts","all":false,"statementMap":{"0":{"start":{"line":1,"column":0},"end":{"line":1,"column":46}},"1":{"start":{"line":2,"column":0},"end":{"line":2,"column":0}},"2":{"start":{"line":3,"column":0},"end":{"line":3,"column":41}}},"s":{"0":1,"1":1,"2":1},"branchMap":{},"b":{},"fnMap":{},"f":{}}
,"C:\\Users\\USUARIO\\Desktop\\Learn nodejs\\07-RestWeb\\src\\domain\\index.ts": {"path":"C:\\Users\\USUARIO\\Desktop\\Learn nodejs\\07-RestWeb\\src\\domain\\index.ts","all":false,"statementMap":{"0":{"start":{"line":1,"column":0},"end":{"line":1,"column":23}},"1":{"start":{"line":2,"column":0},"end":{"line":2,"column":39}},"2":{"start":{"line":3,"column":0},"end":{"line":3,"column":47}},"3":{"start":{"line":4,"column":0},"end":{"line":4,"column":46}},"4":{"start":{"line":5,"column":0},"end":{"line":5,"column":0}},"5":{"start":{"line":6,"column":0},"end":{"line":6,"column":45}},"6":{"start":{"line":7,"column":0},"end":{"line":7,"column":45}},"7":{"start":{"line":8,"column":0},"end":{"line":8,"column":42}},"8":{"start":{"line":9,"column":0},"end":{"line":9,"column":43}},"9":{"start":{"line":10,"column":0},"end":{"line":10,"column":45}},"10":{"start":{"line":11,"column":0},"end":{"line":11,"column":0}},"11":{"start":{"line":12,"column":0},"end":{"line":12,"column":38}}},"s":{"0":1,"1":1,"2":1,"3":1,"4":1,"5":1,"6":1,"7":1,"8":1,"9":1,"10":1,"11":1},"branchMap":{},"b":{},"fnMap":{},"f":{}}
,"C:\\Users\\USUARIO\\Desktop\\Learn nodejs\\07-RestWeb\\src\\domain\\dtos\\todos\\update-todo.dto.ts": {"path":"C:\\Users\\USUARIO\\Desktop\\Learn nodejs\\07-RestWeb\\src\\domain\\dtos\\todos\\update-todo.dto.ts","all":false,"statementMap":{"0":{"start":{"line":1,"column":0},"end":{"line":1,"column":28}},"1":{"start":{"line":2,"column":0},"end":{"line":2,"column":14}},"2":{"start":{"line":3,"column":0},"end":{"line":3,"column":31}},"3":{"start":{"line":4,"column":0},"end":{"line":4,"column":34}},"4":{"start":{"line":5,"column":0},"end":{"line":5,"column":45}},"5":{"start":{"line":6,"column":0},"end":{"line":6,"column":6}},"6":{"start":{"line":7,"column":0},"end":{"line":7,"column":0}},"7":{"start":{"line":8,"column":0},"end":{"line":8,"column":5}},"8":{"start":{"line":9,"column":0},"end":{"line":9,"column":62}},"9":{"start":{"line":10,"column":0},"end":{"line":10,"column":5}},"10":{"start":{"line":11,"column":0},"end":{"line":11,"column":16}},"11":{"start":{"line":12,"column":0},"end":{"line":12,"column":52}},"12":{"start":{"line":13,"column":0},"end":{"line":13,"column":34}},"13":{"start":{"line":14,"column":0},"end":{"line":14,"column":36}},"14":{"start":{"line":15,"column":0},"end":{"line":15,"column":5}},"15":{"start":{"line":16,"column":0},"end":{"line":16,"column":41}},"16":{"start":{"line":17,"column":0},"end":{"line":17,"column":50}},"17":{"start":{"line":18,"column":0},"end":{"line":18,"column":5}},"18":{"start":{"line":19,"column":0},"end":{"line":19,"column":24}},"19":{"start":{"line":20,"column":0},"end":{"line":20,"column":3}},"20":{"start":{"line":21,"column":0},"end":{"line":21,"column":0}},"21":{"start":{"line":22,"column":0},"end":{"line":22,"column":5}},"22":{"start":{"line":23,"column":0},"end":{"line":23,"column":54}},"23":{"start":{"line":24,"column":0},"end":{"line":24,"column":5}},"24":{"start":{"line":25,"column":0},"end":{"line":25,"column":24}},"25":{"start":{"line":26,"column":0},"end":{"line":26,"column":57}},"26":{"start":{"line":27,"column":0},"end":{"line":27,"column":18}},"27":{"start":{"line":28,"column":0},"end":{"line":28,"column":55}},"28":{"start":{"line":29,"column":0},"end":{"line":29,"column":55}},"29":{"start":{"line":30,"column":0},"end":{"line":30,"column":44}},"30":{"start":{"line":31,"column":0},"end":{"line":31,"column":0}},"31":{"start":{"line":32,"column":0},"end":{"line":32,"column":20}},"32":{"start":{"line":33,"column":0},"end":{"line":33,"column":33}},"33":{"start":{"line":34,"column":0},"end":{"line":34,"column":41}},"34":{"start":{"line":35,"column":0},"end":{"line":35,"column":44}},"35":{"start":{"line":36,"column":0},"end":{"line":36,"column":5}},"36":{"start":{"line":37,"column":0},"end":{"line":37,"column":0}},"37":{"start":{"line":38,"column":0},"end":{"line":38,"column":52}},"38":{"start":{"line":39,"column":0},"end":{"line":39,"column":46}},"39":{"start":{"line":40,"column":0},"end":{"line":40,"column":36}},"40":{"start":{"line":41,"column":0},"end":{"line":41,"column":48}},"41":{"start":{"line":42,"column":0},"end":{"line":42,"column":47}},"42":{"start":{"line":43,"column":0},"end":{"line":43,"column":55}},"43":{"start":{"line":44,"column":0},"end":{"line":44,"column":7}},"44":{"start":{"line":45,"column":0},"end":{"line":45,"column":5}},"45":{"start":{"line":46,"column":0},"end":{"line":46,"column":0}},"46":{"start":{"line":47,"column":0},"end":{"line":47,"column":30}},"47":{"start":{"line":48,"column":0},"end":{"line":48,"column":78}},"48":{"start":{"line":49,"column":0},"end":{"line":49,"column":3}},"49":{"start":{"line":50,"column":0},"end":{"line":50,"column":1}}},"s":{"0":1,"1":1,"2":3,"3":3,"4":3,"5":3,"6":1,"7":1,"8":1,"9":1,"10":1,"11":2,"12":2,"13":1,"14":1,"15":2,"16":2,"17":2,"18":2,"19":2,"20":1,"21":1,"22":1,"23":1,"24":1,"25":3,"26":3,"27":3,"28":3,"29":3,"30":3,"31":3,"32":3,"33":3,"34":0,"35":0,"36":3,"37":3,"38":3,"39":3,"40":3,"41":3,"42":0,"43":0,"44":3,"45":3,"46":3,"47":3,"48":3,"49":1},"branchMap":{"0":{"type":"branch","line":2,"loc":{"start":{"line":2,"column":2},"end":{"line":6,"column":6}},"locations":[{"start":{"line":2,"column":2},"end":{"line":6,"column":6}}]},"1":{"type":"branch","line":11,"loc":{"start":{"line":11,"column":2},"end":{"line":20,"column":3}},"locations":[{"start":{"line":11,"column":2},"end":{"line":20,"column":3}}]},"2":{"type":"branch","line":13,"loc":{"start":{"line":13,"column":33},"end":{"line":15,"column":5}},"locations":[{"start":{"line":13,"column":33},"end":{"line":15,"column":5}}]},"3":{"type":"branch","line":25,"loc":{"start":{"line":25,"column":9},"end":{"line":49,"column":3}},"locations":[{"start":{"line":25,"column":9},"end":{"line":49,"column":3}}]},"4":{"type":"branch","line":34,"loc":{"start":{"line":34,"column":40},"end":{"line":36,"column":5}},"locations":[{"start":{"line":34,"column":40},"end":{"line":36,"column":5}}]},"5":{"type":"branch","line":42,"loc":{"start":{"line":42,"column":46},"end":{"line":44,"column":7}},"locations":[{"start":{"line":42,"column":46},"end":{"line":44,"column":7}}]}},"b":{"0":[3],"1":[2],"2":[1],"3":[3],"4":[0],"5":[0]},"fnMap":{"0":{"name":"UpdateTodoDto","decl":{"start":{"line":2,"column":2},"end":{"line":6,"column":6}},"loc":{"start":{"line":2,"column":2},"end":{"line":6,"column":6}},"line":2},"1":{"name":"get values","decl":{"start":{"line":11,"column":2},"end":{"line":20,"column":3}},"loc":{"start":{"line":11,"column":2},"end":{"line":20,"column":3}},"line":11},"2":{"name":"create","decl":{"start":{"line":25,"column":9},"end":{"line":49,"column":3}},"loc":{"start":{"line":25,"column":9},"end":{"line":49,"column":3}},"line":25}},"f":{"0":3,"1":2,"2":3}}
,"C:\\Users\\USUARIO\\Desktop\\Learn nodejs\\07-RestWeb\\src\\domain\\errors\\custom.error.ts": {"path":"C:\\Users\\USUARIO\\Desktop\\Learn nodejs\\07-RestWeb\\src\\domain\\errors\\custom.error.ts","all":false,"statementMap":{"0":{"start":{"line":1,"column":0},"end":{"line":1,"column":40}},"1":{"start":{"line":2,"column":0},"end":{"line":2,"column":14}},"2":{"start":{"line":3,"column":0},"end":{"line":3,"column":36}},"3":{"start":{"line":4,"column":0},"end":{"line":4,"column":36}},"4":{"start":{"line":5,"column":0},"end":{"line":5,"column":5}},"5":{"start":{"line":6,"column":0},"end":{"line":6,"column":19}},"6":{"start":{"line":7,"column":0},"end":{"line":7,"column":3}},"7":{"start":{"line":8,"column":0},"end":{"line":8,"column":1}}},"s":{"0":1,"1":1,"2":3,"3":3,"4":3,"5":3,"6":3,"7":1},"branchMap":{"0":{"type":"branch","line":2,"loc":{"start":{"line":2,"column":2},"end":{"line":7,"column":3}},"locations":[{"start":{"line":2,"column":2},"end":{"line":7,"column":3}}]}},"b":{"0":[3]},"fnMap":{"0":{"name":"CustomError","decl":{"start":{"line":2,"column":2},"end":{"line":7,"column":3}},"loc":{"start":{"line":2,"column":2},"end":{"line":7,"column":3}},"line":2}},"f":{"0":3}}
,"C:\\Users\\USUARIO\\Desktop\\Learn nodejs\\07-RestWeb\\src\\infrastructure\\datasource\\todo.datasource.impl.ts": {"path":"C:\\Users\\USUARIO\\Desktop\\Learn nodejs\\07-RestWeb\\src\\infrastructure\\datasource\\todo.datasource.impl.ts","all":false,"statementMap":{"0":{"start":{"line":1,"column":0},"end":{"line":1,"column":45}},"1":{"start":{"line":2,"column":0},"end":{"line":2,"column":8}},"2":{"start":{"line":3,"column":0},"end":{"line":3,"column":16}},"3":{"start":{"line":4,"column":0},"end":{"line":4,"column":14}},"4":{"start":{"line":5,"column":0},"end":{"line":5,"column":17}},"5":{"start":{"line":6,"column":0},"end":{"line":6,"column":13}},"6":{"start":{"line":7,"column":0},"end":{"line":7,"column":16}},"7":{"start":{"line":8,"column":0},"end":{"line":8,"column":22}},"8":{"start":{"line":9,"column":0},"end":{"line":9,"column":0}},"9":{"start":{"line":10,"column":0},"end":{"line":10,"column":69}},"10":{"start":{"line":11,"column":0},"end":{"line":11,"column":67}},"11":{"start":{"line":12,"column":0},"end":{"line":12,"column":43}},"12":{"start":{"line":13,"column":0},"end":{"line":13,"column":27}},"13":{"start":{"line":14,"column":0},"end":{"line":14,"column":89}},"14":{"start":{"line":15,"column":0},"end":{"line":15,"column":7}},"15":{"start":{"line":16,"column":0},"end":{"line":16,"column":0}},"16":{"start":{"line":17,"column":0},"end":{"line":17,"column":39}},"17":{"start":{"line":18,"column":0},"end":{"line":18,"column":3}},"18":{"start":{"line":19,"column":0},"end":{"line":19,"column":0}},"19":{"start":{"line":20,"column":0},"end":{"line":20,"column":41}},"20":{"start":{"line":21,"column":0},"end":{"line":21,"column":47}},"21":{"start":{"line":22,"column":0},"end":{"line":22,"column":60}},"22":{"start":{"line":23,"column":0},"end":{"line":23,"column":3}},"23":{"start":{"line":24,"column":0},"end":{"line":24,"column":0}},"24":{"start":{"line":25,"column":0},"end":{"line":25,"column":51}},"25":{"start":{"line":26,"column":0},"end":{"line":26,"column":46}},"26":{"start":{"line":27,"column":0},"end":{"line":27,"column":14}},"27":{"start":{"line":28,"column":0},"end":{"line":28,"column":15}},"28":{"start":{"line":29,"column":0},"end":{"line":29,"column":8}},"29":{"start":{"line":30,"column":0},"end":{"line":30,"column":7}},"30":{"start":{"line":31,"column":0},"end":{"line":31,"column":16}},"31":{"start":{"line":32,"column":0},"end":{"line":32,"column":65}},"32":{"start":{"line":33,"column":0},"end":{"line":33,"column":5}},"33":{"start":{"line":34,"column":0},"end":{"line":34,"column":0}},"34":{"start":{"line":35,"column":0},"end":{"line":35,"column":39}},"35":{"start":{"line":36,"column":0},"end":{"line":36,"column":3}},"36":{"start":{"line":37,"column":0},"end":{"line":37,"column":0}},"37":{"start":{"line":38,"column":0},"end":{"line":38,"column":71}},"38":{"start":{"line":39,"column":0},"end":{"line":39,"column":42}},"39":{"start":{"line":40,"column":0},"end":{"line":40,"column":0}},"40":{"start":{"line":41,"column":0},"end":{"line":41,"column":50}},"41":{"start":{"line":42,"column":0},"end":{"line":42,"column":34}},"42":{"start":{"line":43,"column":0},"end":{"line":43,"column":14}},"43":{"start":{"line":44,"column":0},"end":{"line":44,"column":29}},"44":{"start":{"line":45,"column":0},"end":{"line":45,"column":8}},"45":{"start":{"line":46,"column":0},"end":{"line":46,"column":7}},"46":{"start":{"line":47,"column":0},"end":{"line":47,"column":0}},"47":{"start":{"line":48,"column":0},"end":{"line":48,"column":46}},"48":{"start":{"line":49,"column":0},"end":{"line":49,"column":3}},"49":{"start":{"line":50,"column":0},"end":{"line":50,"column":0}},"50":{"start":{"line":51,"column":0},"end":{"line":51,"column":53}},"51":{"start":{"line":52,"column":0},"end":{"line":52,"column":28}},"52":{"start":{"line":53,"column":0},"end":{"line":53,"column":0}},"53":{"start":{"line":54,"column":0},"end":{"line":54,"column":43}},"54":{"start":{"line":55,"column":0},"end":{"line":55,"column":14}},"55":{"start":{"line":56,"column":0},"end":{"line":56,"column":15}},"56":{"start":{"line":57,"column":0},"end":{"line":57,"column":8}},"57":{"start":{"line":58,"column":0},"end":{"line":58,"column":7}},"58":{"start":{"line":59,"column":0},"end":{"line":59,"column":0}},"59":{"start":{"line":60,"column":0},"end":{"line":60,"column":39}},"60":{"start":{"line":61,"column":0},"end":{"line":61,"column":3}},"61":{"start":{"line":62,"column":0},"end":{"line":62,"column":1}}},"s":{"0":1,"1":1,"2":1,"3":1,"4":1,"5":1,"6":1,"7":1,"8":1,"9":1,"10":1,"11":1,"12":1,"13":1,"14":1,"15":1,"16":1,"17":1,"18":1,"19":1,"20":1,"21":1,"22":1,"23":1,"24":1,"25":7,"26":7,"27":7,"28":7,"29":7,"30":7,"31":3,"32":3,"33":4,"34":4,"35":4,"36":1,"37":1,"38":3,"39":2,"40":2,"41":2,"42":2,"43":2,"44":2,"45":2,"46":2,"47":2,"48":2,"49":1,"50":1,"51":2,"52":1,"53":1,"54":1,"55":1,"56":1,"57":1,"58":1,"59":1,"60":1,"61":1},"branchMap":{"0":{"type":"branch","line":11,"loc":{"start":{"line":11,"column":8},"end":{"line":18,"column":3}},"locations":[{"start":{"line":11,"column":8},"end":{"line":18,"column":3}}]},"1":{"type":"branch","line":20,"loc":{"start":{"line":20,"column":8},"end":{"line":23,"column":3}},"locations":[{"start":{"line":20,"column":8},"end":{"line":23,"column":3}}]},"2":{"type":"branch","line":22,"loc":{"start":{"line":22,"column":21},"end":{"line":22,"column":58}},"locations":[{"start":{"line":22,"column":21},"end":{"line":22,"column":58}}]},"3":{"type":"branch","line":25,"loc":{"start":{"line":25,"column":8},"end":{"line":36,"column":3}},"locations":[{"start":{"line":25,"column":8},"end":{"line":36,"column":3}}]},"4":{"type":"branch","line":31,"loc":{"start":{"line":31,"column":15},"end":{"line":33,"column":5}},"locations":[{"start":{"line":31,"column":15},"end":{"line":33,"column":5}}]},"5":{"type":"branch","line":34,"loc":{"start":{"line":34,"column":-2},"end":{"line":36,"column":3}},"locations":[{"start":{"line":34,"column":-2},"end":{"line":36,"column":3}}]},"6":{"type":"branch","line":38,"loc":{"start":{"line":38,"column":8},"end":{"line":49,"column":3}},"locations":[{"start":{"line":38,"column":8},"end":{"line":49,"column":3}}]},"7":{"type":"branch","line":40,"loc":{"start":{"line":40,"column":-2},"end":{"line":49,"column":3}},"locations":[{"start":{"line":40,"column":-2},"end":{"line":49,"column":3}}]},"8":{"type":"branch","line":51,"loc":{"start":{"line":51,"column":8},"end":{"line":61,"column":3}},"locations":[{"start":{"line":51,"column":8},"end":{"line":61,"column":3}}]},"9":{"type":"branch","line":53,"loc":{"start":{"line":53,"column":-2},"end":{"line":61,"column":3}},"locations":[{"start":{"line":53,"column":-2},"end":{"line":61,"column":3}}]}},"b":{"0":[1],"1":[1],"2":[2],"3":[7],"4":[3],"5":[4],"6":[3],"7":[2],"8":[2],"9":[1]},"fnMap":{"0":{"name":"create","decl":{"start":{"line":11,"column":8},"end":{"line":18,"column":3}},"loc":{"start":{"line":11,"column":8},"end":{"line":18,"column":3}},"line":11},"1":{"name":"getAll","decl":{"start":{"line":20,"column":8},"end":{"line":23,"column":3}},"loc":{"start":{"line":20,"column":8},"end":{"line":23,"column":3}},"line":20},"2":{"name":"findById","decl":{"start":{"line":25,"column":8},"end":{"line":36,"column":3}},"loc":{"start":{"line":25,"column":8},"end":{"line":36,"column":3}},"line":25},"3":{"name":"updateById","decl":{"start":{"line":38,"column":8},"end":{"line":49,"column":3}},"loc":{"start":{"line":38,"column":8},"end":{"line":49,"column":3}},"line":38},"4":{"name":"deleteById","decl":{"start":{"line":51,"column":8},"end":{"line":61,"column":3}},"loc":{"start":{"line":51,"column":8},"end":{"line":61,"column":3}},"line":51}},"f":{"0":1,"1":1,"2":7,"3":3,"4":2}}
,"C:\\Users\\USUARIO\\Desktop\\Learn nodejs\\07-RestWeb\\src\\presentation\\todos\\controller.ts": {"path":"C:\\Users\\USUARIO\\Desktop\\Learn nodejs\\07-RestWeb\\src\\presentation\\todos\\controller.ts","all":false,"statementMap":{"0":{"start":{"line":1,"column":0},"end":{"line":1,"column":44}},"1":{"start":{"line":2,"column":0},"end":{"line":2,"column":65}},"2":{"start":{"line":3,"column":0},"end":{"line":3,"column":8}},"3":{"start":{"line":4,"column":0},"end":{"line":4,"column":13}},"4":{"start":{"line":5,"column":0},"end":{"line":5,"column":14}},"5":{"start":{"line":6,"column":0},"end":{"line":6,"column":13}},"6":{"start":{"line":7,"column":0},"end":{"line":7,"column":10}},"7":{"start":{"line":8,"column":0},"end":{"line":8,"column":11}},"8":{"start":{"line":9,"column":0},"end":{"line":9,"column":17}},"9":{"start":{"line":10,"column":0},"end":{"line":10,"column":13}},"10":{"start":{"line":11,"column":0},"end":{"line":11,"column":22}},"11":{"start":{"line":12,"column":0},"end":{"line":12,"column":0}},"12":{"start":{"line":13,"column":0},"end":{"line":13,"column":30}},"13":{"start":{"line":14,"column":0},"end":{"line":14,"column":65}},"14":{"start":{"line":15,"column":0},"end":{"line":15,"column":0}},"15":{"start":{"line":16,"column":0},"end":{"line":16,"column":60}},"16":{"start":{"line":17,"column":0},"end":{"line":17,"column":39}},"17":{"start":{"line":18,"column":0},"end":{"line":18,"column":68}},"18":{"start":{"line":19,"column":0},"end":{"line":19,"column":13}},"19":{"start":{"line":20,"column":0},"end":{"line":20,"column":5}},"20":{"start":{"line":21,"column":0},"end":{"line":21,"column":63}},"21":{"start":{"line":22,"column":0},"end":{"line":22,"column":4}},"22":{"start":{"line":23,"column":0},"end":{"line":23,"column":0}},"23":{"start":{"line":24,"column":0},"end":{"line":24,"column":54}},"24":{"start":{"line":25,"column":0},"end":{"line":25,"column":37}},"25":{"start":{"line":26,"column":0},"end":{"line":26,"column":16}},"26":{"start":{"line":27,"column":0},"end":{"line":27,"column":39}},"27":{"start":{"line":28,"column":0},"end":{"line":28,"column":54}},"28":{"start":{"line":29,"column":0},"end":{"line":29,"column":4}},"29":{"start":{"line":30,"column":0},"end":{"line":30,"column":0}},"30":{"start":{"line":31,"column":0},"end":{"line":31,"column":57}},"31":{"start":{"line":32,"column":0},"end":{"line":32,"column":30}},"32":{"start":{"line":33,"column":0},"end":{"line":33,"column":34}},"33":{"start":{"line":34,"column":0},"end":{"line":34,"column":54}},"34":{"start":{"line":35,"column":0},"end":{"line":35,"column":13}},"35":{"start":{"line":36,"column":0},"end":{"line":36,"column":5}},"36":{"start":{"line":37,"column":0},"end":{"line":37,"column":0}},"37":{"start":{"line":38,"column":0},"end":{"line":38,"column":36}},"38":{"start":{"line":39,"column":0},"end":{"line":39,"column":18}},"39":{"start":{"line":40,"column":0},"end":{"line":40,"column":23}},"40":{"start":{"line":41,"column":0},"end":{"line":41,"column":23}},"41":{"start":{"line":42,"column":0},"end":{"line":42,"column":8}},"42":{"start":{"line":43,"column":0},"end":{"line":43,"column":54}},"43":{"start":{"line":44,"column":0},"end":{"line":44,"column":4}},"44":{"start":{"line":45,"column":0},"end":{"line":45,"column":0}},"45":{"start":{"line":46,"column":0},"end":{"line":46,"column":56}},"46":{"start":{"line":47,"column":0},"end":{"line":47,"column":66}},"47":{"start":{"line":48,"column":0},"end":{"line":48,"column":63}},"48":{"start":{"line":49,"column":0},"end":{"line":49,"column":0}},"49":{"start":{"line":50,"column":0},"end":{"line":50,"column":39}},"50":{"start":{"line":51,"column":0},"end":{"line":51,"column":30}},"51":{"start":{"line":52,"column":0},"end":{"line":52,"column":49}},"52":{"start":{"line":53,"column":0},"end":{"line":53,"column":54}},"53":{"start":{"line":54,"column":0},"end":{"line":54,"column":4}},"54":{"start":{"line":55,"column":0},"end":{"line":55,"column":0}},"55":{"start":{"line":56,"column":0},"end":{"line":56,"column":56}},"56":{"start":{"line":57,"column":0},"end":{"line":57,"column":29}},"57":{"start":{"line":58,"column":0},"end":{"line":58,"column":77}},"58":{"start":{"line":59,"column":0},"end":{"line":59,"column":54}},"59":{"start":{"line":60,"column":0},"end":{"line":60,"column":0}},"60":{"start":{"line":61,"column":0},"end":{"line":61,"column":39}},"61":{"start":{"line":62,"column":0},"end":{"line":62,"column":30}},"62":{"start":{"line":63,"column":0},"end":{"line":63,"column":37}},"63":{"start":{"line":64,"column":0},"end":{"line":64,"column":54}},"64":{"start":{"line":65,"column":0},"end":{"line":65,"column":4}},"65":{"start":{"line":66,"column":0},"end":{"line":66,"column":0}},"66":{"start":{"line":67,"column":0},"end":{"line":67,"column":56}},"67":{"start":{"line":68,"column":0},"end":{"line":68,"column":30}},"68":{"start":{"line":69,"column":0},"end":{"line":69,"column":34}},"69":{"start":{"line":70,"column":0},"end":{"line":70,"column":54}},"70":{"start":{"line":71,"column":0},"end":{"line":71,"column":13}},"71":{"start":{"line":72,"column":0},"end":{"line":72,"column":5}},"72":{"start":{"line":73,"column":0},"end":{"line":73,"column":0}},"73":{"start":{"line":74,"column":0},"end":{"line":74,"column":39}},"74":{"start":{"line":75,"column":0},"end":{"line":75,"column":18}},"75":{"start":{"line":76,"column":0},"end":{"line":76,"column":23}},"76":{"start":{"line":77,"column":0},"end":{"line":77,"column":23}},"77":{"start":{"line":78,"column":0},"end":{"line":78,"column":8}},"78":{"start":{"line":79,"column":0},"end":{"line":79,"column":54}},"79":{"start":{"line":80,"column":0},"end":{"line":80,"column":4}},"80":{"start":{"line":81,"column":0},"end":{"line":81,"column":0}},"81":{"start":{"line":82,"column":0},"end":{"line":82,"column":41}},"82":{"start":{"line":83,"column":0},"end":{"line":83,"column":21}},"83":{"start":{"line":84,"column":0},"end":{"line":84,"column":19}},"84":{"start":{"line":85,"column":0},"end":{"line":85,"column":5}},"85":{"start":{"line":86,"column":0},"end":{"line":86,"column":16}},"86":{"start":{"line":87,"column":0},"end":{"line":87,"column":4}},"87":{"start":{"line":88,"column":0},"end":{"line":88,"column":1}}},"s":{"0":1,"1":1,"2":1,"3":1,"4":1,"5":1,"6":1,"7":1,"8":1,"9":1,"10":1,"11":1,"12":1,"13":1,"14":1,"15":1,"16":3,"17":3,"18":3,"19":3,"20":0,"21":1,"22":1,"23":1,"24":1,"25":1,"26":1,"27":1,"28":1,"29":1,"30":1,"31":2,"32":2,"33":0,"34":0,"35":0,"36":2,"37":2,"38":2,"39":2,"40":1,"41":2,"42":2,"43":1,"44":1,"45":1,"46":3,"47":3,"48":1,"49":1,"50":1,"51":1,"52":1,"53":1,"54":1,"55":1,"56":3,"57":3,"58":3,"59":3,"60":3,"61":3,"62":3,"63":3,"64":1,"65":1,"66":1,"67":2,"68":2,"69":0,"70":0,"71":0,"72":2,"73":2,"74":2,"75":2,"76":1,"77":2,"78":2,"79":1,"80":1,"81":1,"82":4,"83":0,"84":0,"85":4,"86":1,"87":1},"branchMap":{"0":{"type":"branch","line":14,"loc":{"start":{"line":14,"column":2},"end":{"line":14,"column":65}},"locations":[{"start":{"line":14,"column":2},"end":{"line":14,"column":65}}]},"1":{"type":"branch","line":16,"loc":{"start":{"line":16,"column":24},"end":{"line":22,"column":3}},"locations":[{"start":{"line":16,"column":24},"end":{"line":22,"column":3}}]},"2":{"type":"branch","line":21,"loc":{"start":{"line":21,"column":-2},"end":{"line":22,"column":3}},"locations":[{"start":{"line":21,"column":-2},"end":{"line":22,"column":3}}]},"3":{"type":"branch","line":24,"loc":{"start":{"line":24,"column":20},"end":{"line":29,"column":3}},"locations":[{"start":{"line":24,"column":20},"end":{"line":29,"column":3}}]},"4":{"type":"branch","line":27,"loc":{"start":{"line":27,"column":12},"end":{"line":27,"column":38}},"locations":[{"start":{"line":27,"column":12},"end":{"line":27,"column":38}}]},"5":{"type":"branch","line":31,"loc":{"start":{"line":31,"column":23},"end":{"line":44,"column":3}},"locations":[{"start":{"line":31,"column":23},"end":{"line":44,"column":3}}]},"6":{"type":"branch","line":33,"loc":{"start":{"line":33,"column":33},"end":{"line":36,"column":5}},"locations":[{"start":{"line":33,"column":33},"end":{"line":36,"column":5}}]},"7":{"type":"branch","line":40,"loc":{"start":{"line":40,"column":12},"end":{"line":42,"column":7}},"locations":[{"start":{"line":40,"column":12},"end":{"line":42,"column":7}}]},"8":{"type":"branch","line":43,"loc":{"start":{"line":43,"column":13},"end":{"line":43,"column":52}},"locations":[{"start":{"line":43,"column":13},"end":{"line":43,"column":52}}]},"9":{"type":"branch","line":46,"loc":{"start":{"line":46,"column":22},"end":{"line":54,"column":3}},"locations":[{"start":{"line":46,"column":22},"end":{"line":54,"column":3}}]},"10":{"type":"branch","line":48,"loc":{"start":{"line":48,"column":15},"end":{"line":48,"column":63}},"locations":[{"start":{"line":48,"column":15},"end":{"line":48,"column":63}}]},"11":{"type":"branch","line":49,"loc":{"start":{"line":49,"column":-2},"end":{"line":54,"column":3}},"locations":[{"start":{"line":49,"column":-2},"end":{"line":54,"column":3}}]},"12":{"type":"branch","line":52,"loc":{"start":{"line":52,"column":12},"end":{"line":52,"column":48}},"locations":[{"start":{"line":52,"column":12},"end":{"line":52,"column":48}}]},"13":{"type":"branch","line":56,"loc":{"start":{"line":56,"column":22},"end":{"line":65,"column":3}},"locations":[{"start":{"line":56,"column":22},"end":{"line":65,"column":3}}]},"14":{"type":"branch","line":59,"loc":{"start":{"line":59,"column":15},"end":{"line":59,"column":54}},"locations":[{"start":{"line":59,"column":15},"end":{"line":59,"column":54}}]},"15":{"type":"branch","line":63,"loc":{"start":{"line":63,"column":12},"end":{"line":63,"column":36}},"locations":[{"start":{"line":63,"column":12},"end":{"line":63,"column":36}}]},"16":{"type":"branch","line":64,"loc":{"start":{"line":64,"column":13},"end":{"line":64,"column":52}},"locations":[{"start":{"line":64,"column":13},"end":{"line":64,"column":52}}]},"17":{"type":"branch","line":67,"loc":{"start":{"line":67,"column":22},"end":{"line":80,"column":3}},"locations":[{"start":{"line":67,"column":22},"end":{"line":80,"column":3}}]},"18":{"type":"branch","line":69,"loc":{"start":{"line":69,"column":33},"end":{"line":72,"column":5}},"locations":[{"start":{"line":69,"column":33},"end":{"line":72,"column":5}}]},"19":{"type":"branch","line":76,"loc":{"start":{"line":76,"column":12},"end":{"line":78,"column":7}},"locations":[{"start":{"line":76,"column":12},"end":{"line":78,"column":7}}]},"20":{"type":"branch","line":79,"loc":{"start":{"line":79,"column":13},"end":{"line":79,"column":52}},"locations":[{"start":{"line":79,"column":13},"end":{"line":79,"column":52}}]},"21":{"type":"branch","line":82,"loc":{"start":{"line":82,"column":26},"end":{"line":87,"column":3}},"locations":[{"start":{"line":82,"column":26},"end":{"line":87,"column":3}}]},"22":{"type":"branch","line":83,"loc":{"start":{"line":83,"column":20},"end":{"line":85,"column":5}},"locations":[{"start":{"line":83,"column":20},"end":{"line":85,"column":5}}]}},"b":{"0":[2],"1":[3],"2":[0],"3":[1],"4":[1],"5":[2],"6":[0],"7":[1],"8":[1],"9":[3],"10":[2],"11":[1],"12":[1],"13":[3],"14":[0],"15":[2],"16":[1],"17":[2],"18":[0],"19":[1],"20":[1],"21":[4],"22":[0]},"fnMap":{"0":{"name":"TodosController","decl":{"start":{"line":14,"column":2},"end":{"line":14,"column":65}},"loc":{"start":{"line":14,"column":2},"end":{"line":14,"column":65}},"line":14},"1":{"name":"TodosController.handleError","decl":{"start":{"line":16,"column":24},"end":{"line":22,"column":3}},"loc":{"start":{"line":16,"column":24},"end":{"line":22,"column":3}},"line":16},"2":{"name":"TodosController.getTodos","decl":{"start":{"line":24,"column":20},"end":{"line":29,"column":3}},"loc":{"start":{"line":24,"column":20},"end":{"line":29,"column":3}},"line":24},"3":{"name":"TodosController.getTodoById","decl":{"start":{"line":31,"column":23},"end":{"line":44,"column":3}},"loc":{"start":{"line":31,"column":23},"end":{"line":44,"column":3}},"line":31},"4":{"name":"TodosController.createTodo","decl":{"start":{"line":46,"column":22},"end":{"line":54,"column":3}},"loc":{"start":{"line":46,"column":22},"end":{"line":54,"column":3}},"line":46},"5":{"name":"TodosController.updateTodo","decl":{"start":{"line":56,"column":22},"end":{"line":65,"column":3}},"loc":{"start":{"line":56,"column":22},"end":{"line":65,"column":3}},"line":56},"6":{"name":"TodosController.deleteTodo","decl":{"start":{"line":67,"column":22},"end":{"line":80,"column":3}},"loc":{"start":{"line":67,"column":22},"end":{"line":80,"column":3}},"line":67},"7":{"name":"TodosController.checkIsNumber","decl":{"start":{"line":82,"column":26},"end":{"line":87,"column":3}},"loc":{"start":{"line":82,"column":26},"end":{"line":87,"column":3}},"line":82}},"f":{"0":2,"1":3,"2":1,"3":2,"4":3,"5":3,"6":2,"7":4}}
,"C:\\Users\\USUARIO\\Desktop\\Learn nodejs\\07-RestWeb\\test\\test-server.ts": {"path":"C:\\Users\\USUARIO\\Desktop\\Learn nodejs\\07-RestWeb\\test\\test-server.ts","all":false,"statementMap":{"0":{"start":{"line":1,"column":0},"end":{"line":1,"column":55}},"1":{"start":{"line":2,"column":0},"end":{"line":2,"column":52}},"2":{"start":{"line":3,"column":0},"end":{"line":3,"column":42}},"3":{"start":{"line":4,"column":0},"end":{"line":4,"column":0}},"4":{"start":{"line":5,"column":0},"end":{"line":5,"column":38}},"5":{"start":{"line":6,"column":0},"end":{"line":6,"column":18}},"6":{"start":{"line":7,"column":0},"end":{"line":7,"column":32}},"7":{"start":{"line":8,"column":0},"end":{"line":8,"column":27}},"8":{"start":{"line":9,"column":0},"end":{"line":9,"column":3}}},"s":{"0":1,"1":1,"2":1,"3":1,"4":1,"5":1,"6":1,"7":1,"8":1},"branchMap":{},"b":{},"fnMap":{},"f":{}}
}
