TN:
SF:src\data\postgres\index.ts
FNF:0
FNH:0
DA:1,1
DA:2,1
DA:3,1
LF:3
LH:3
BRF:0
BRH:0
end_of_record
TN:
SF:src\domain\index.ts
FNF:0
FNH:0
DA:1,1
DA:2,1
DA:3,1
DA:4,1
DA:5,1
DA:6,1
DA:7,1
DA:8,1
DA:9,1
DA:10,1
DA:11,1
DA:12,1
LF:12
LH:12
BRF:0
BRH:0
end_of_record
TN:
SF:src\domain\dtos\todos\update-todo.dto.ts
FN:2,UpdateTodoDto
FN:11,get values
FN:25,create
FNF:3
FNH:3
FNDA:3,UpdateTodoDto
FNDA:2,get values
FNDA:3,create
DA:1,1
DA:2,1
DA:3,3
DA:4,3
DA:5,3
DA:6,3
DA:7,1
DA:8,1
DA:9,1
DA:10,1
DA:11,1
DA:12,2
DA:13,2
DA:14,1
DA:15,1
DA:16,2
DA:17,2
DA:18,2
DA:19,2
DA:20,2
DA:21,1
DA:22,1
DA:23,1
DA:24,1
DA:25,1
DA:26,3
DA:27,3
DA:28,3
DA:29,3
DA:30,3
DA:31,3
DA:32,3
DA:33,3
DA:34,3
DA:35,0
DA:36,0
DA:37,3
DA:38,3
DA:39,3
DA:40,3
DA:41,3
DA:42,3
DA:43,0
DA:44,0
DA:45,3
DA:46,3
DA:47,3
DA:48,3
DA:49,3
DA:50,1
LF:50
LH:46
BRDA:2,0,0,3
BRDA:11,1,0,2
BRDA:13,2,0,1
BRDA:25,3,0,3
BRDA:34,4,0,0
BRDA:42,5,0,0
BRF:6
BRH:4
end_of_record
TN:
SF:src\domain\errors\custom.error.ts
FN:2,CustomError
FNF:1
FNH:1
FNDA:3,CustomError
DA:1,1
DA:2,1
DA:3,3
DA:4,3
DA:5,3
DA:6,3
DA:7,3
DA:8,1
LF:8
LH:8
BRDA:2,0,0,3
BRF:1
BRH:1
end_of_record
TN:
SF:src\infrastructure\datasource\todo.datasource.impl.ts
FN:11,create
FN:20,getAll
FN:25,findById
FN:38,updateById
FN:51,deleteById
FNF:5
FNH:5
FNDA:1,create
FNDA:1,getAll
FNDA:7,findById
FNDA:3,updateById
FNDA:2,deleteById
DA:1,1
DA:2,1
DA:3,1
DA:4,1
DA:5,1
DA:6,1
DA:7,1
DA:8,1
DA:9,1
DA:10,1
DA:11,1
DA:12,1
DA:13,1
DA:14,1
DA:15,1
DA:16,1
DA:17,1
DA:18,1
DA:19,1
DA:20,1
DA:21,1
DA:22,1
DA:23,1
DA:24,1
DA:25,1
DA:26,7
DA:27,7
DA:28,7
DA:29,7
DA:30,7
DA:31,7
DA:32,3
DA:33,3
DA:34,4
DA:35,4
DA:36,4
DA:37,1
DA:38,1
DA:39,3
DA:40,2
DA:41,2
DA:42,2
DA:43,2
DA:44,2
DA:45,2
DA:46,2
DA:47,2
DA:48,2
DA:49,2
DA:50,1
DA:51,1
DA:52,2
DA:53,1
DA:54,1
DA:55,1
DA:56,1
DA:57,1
DA:58,1
DA:59,1
DA:60,1
DA:61,1
DA:62,1
LF:62
LH:62
BRDA:11,0,0,1
BRDA:20,1,0,1
BRDA:22,2,0,2
BRDA:25,3,0,7
BRDA:31,4,0,3
BRDA:34,5,0,4
BRDA:38,6,0,3
BRDA:40,7,0,2
BRDA:51,8,0,2
BRDA:53,9,0,1
BRF:10
BRH:10
end_of_record
TN:
SF:src\presentation\todos\controller.ts
FN:14,TodosController
FN:16,TodosController.handleError
FN:24,TodosController.getTodos
FN:31,TodosController.getTodoById
FN:46,TodosController.createTodo
FN:56,TodosController.updateTodo
FN:67,TodosController.deleteTodo
FN:82,TodosController.checkIsNumber
FNF:8
FNH:8
FNDA:2,TodosController
FNDA:3,TodosController.handleError
FNDA:1,TodosController.getTodos
FNDA:2,TodosController.getTodoById
FNDA:3,TodosController.createTodo
FNDA:3,TodosController.updateTodo
FNDA:2,TodosController.deleteTodo
FNDA:4,TodosController.checkIsNumber
DA:1,1
DA:2,1
DA:3,1
DA:4,1
DA:5,1
DA:6,1
DA:7,1
DA:8,1
DA:9,1
DA:10,1
DA:11,1
DA:12,1
DA:13,1
DA:14,1
DA:15,1
DA:16,1
DA:17,3
DA:18,3
DA:19,3
DA:20,3
DA:21,0
DA:22,1
DA:23,1
DA:24,1
DA:25,1
DA:26,1
DA:27,1
DA:28,1
DA:29,1
DA:30,1
DA:31,1
DA:32,2
DA:33,2
DA:34,0
DA:35,0
DA:36,0
DA:37,2
DA:38,2
DA:39,2
DA:40,2
DA:41,1
DA:42,2
DA:43,2
DA:44,1
DA:45,1
DA:46,1
DA:47,3
DA:48,3
DA:49,1
DA:50,1
DA:51,1
DA:52,1
DA:53,1
DA:54,1
DA:55,1
DA:56,1
DA:57,3
DA:58,3
DA:59,3
DA:60,3
DA:61,3
DA:62,3
DA:63,3
DA:64,3
DA:65,1
DA:66,1
DA:67,1
DA:68,2
DA:69,2
DA:70,0
DA:71,0
DA:72,0
DA:73,2
DA:74,2
DA:75,2
DA:76,2
DA:77,1
DA:78,2
DA:79,2
DA:80,1
DA:81,1
DA:82,1
DA:83,4
DA:84,0
DA:85,0
DA:86,4
DA:87,1
DA:88,1
LF:88
LH:79
BRDA:14,0,0,2
BRDA:16,1,0,3
BRDA:21,2,0,0
BRDA:24,3,0,1
BRDA:27,4,0,1
BRDA:31,5,0,2
BRDA:33,6,0,0
BRDA:40,7,0,1
BRDA:43,8,0,1
BRDA:46,9,0,3
BRDA:48,10,0,2
BRDA:49,11,0,1
BRDA:52,12,0,1
BRDA:56,13,0,3
BRDA:59,14,0,0
BRDA:63,15,0,2
BRDA:64,16,0,1
BRDA:67,17,0,2
BRDA:69,18,0,0
BRDA:76,19,0,1
BRDA:79,20,0,1
BRDA:82,21,0,4
BRDA:83,22,0,0
BRF:23
BRH:18
end_of_record
TN:
SF:test\test-server.ts
FNF:0
FNH:0
DA:1,1
DA:2,1
DA:3,1
DA:4,1
DA:5,1
DA:6,1
DA:7,1
DA:8,1
DA:9,1
LF:9
LH:9
BRF:0
BRH:0
end_of_record
